{"logTime": "0520/041248", "correlationVector":"QAP9kDDo/I1hpuyf+etI0X.1","action":"SyncServerConnectionManagerRequest", "result":"SYNC_SERVER_OK", "context":{"environment":"Prod_centralus_prod-s01-068-nam-centralus", "migrationStage":"NotStarted", "server":"akswtt004000025"}}
{"logTime": "0520/041248", "correlationVector":"QAP9kDDo/I1hpuyf+etI0X.2","action":"ProcessGetUpdates", "result":"Done", "context":{"dataType":"Encryption Keys", "deleted":"0", "process_failed_to_decrypt":"0", "process_pending_decryption":"0", "process_success":"1", "total":"1"}}
{"logTime": "0520/041249", "correlationVector":"gZ3LxIwlzuQa0ppCW/xkOU","action":"SyncServerConnectionManagerRequest", "result":"SYNC_SERVER_OK", "context":{"environment":"", "migrationStage":"", "server":""}}
{"logTime": "0520/041249", "correlationVector":"gZ3LxIwlzuQa0ppCW/xkOU.0","action":"EncryptionKeysFetcher.DownloadKeys:", "result":"Success", "context":Key count: 3, Last key timestamp: 2025-12-16T17:43:04Z}
{"logTime": "0520/041249", "correlationVector":"gZ3LxIwlzuQa0ppCW/xkOU.1","action":"EncryptionKeysManager::SetEncryptionKeys:", "result":"Success", "context":Key names[3]:[nb2jM0jcLlYu6EA0xI39xoEmyQf1np9fCsYGsNU6+bq1oi/hzjnB//vOp1L69XYtAXNX9IdX0bucuK5F9/kkxA==][+szY6y4Hj4vPHbeL55UTVuqPYn6QUJuihrCdEb8HrveD46qiZ5GOrcSin7qxEEgwP0+/1Fxtxc16A97VuNspQA==][DM6bQaa53X6siY6sqr9lKVHyNPHsxvfO6MdbS/rhuJAkDSMQSnVbXJSszXlOUdk6nta1ejUcPicsxei2x69Z6A==]}
{"logTime": "0520/041249", "correlationVector":"gZ3LxIwlzuQa0ppCW/xkOU.2","action":"EncryptionKeysManager::SetEncryptionKeysWithTimestamps:", "result":"Success", "context":Key timestamps[3]:[2024-11-20T17:26:34Z][2025-06-18T22:56:53Z][2025-12-16T17:43:04Z]}
{"logTime": "0520/041249", "correlationVector":"QAP9kDDo/I1hpuyf+etI0X","action":"Initial GetUpdates", "result":"", "context":Reason: NEW_CLIENT. cV=QAP9kDDo/I1hpuyf+etI0X}
{"logTime": "0520/041249", "correlationVector":"QAP9kDDo/I1hpuyf+etI0X.3","action":"GetUpdates Response", "result":"Success", "context":Received 1 update(s). cV=QAP9kDDo/I1hpuyf+etI0X.0;server=akswtt004000025;cloudType=Consumer;environment=Prod_centralus_prod-s01-068-nam-centralus;migrationStage=NotStarted}
{"logTime": "0520/041249", "correlationVector":"oo1w/1Cl8dxP+76iz1PbV4","action":"Initial GetUpdates", "result":"", "context":Reason: NEWLY_SUPPORTED_DATATYPE. cV=oo1w/1Cl8dxP+76iz1PbV4}
{"logTime": "0520/041249", "correlationVector":"oo1w/1Cl8dxP+76iz1PbV4.1","action":"SyncServerConnectionManagerRequest", "result":"SYNC_SERVER_OK", "context":{"environment":"Prod_centralus_prod-s01-068-nam-centralus", "migrationStage":"NotStarted", "server":"akswtt004000022"}}
{"logTime": "0520/041249", "correlationVector":"oo1w/1Cl8dxP+76iz1PbV4.2","action":"ProcessGetUpdates", "result":"Done", "context":{"dataType":"Preferences", "deleted":"0", "process_failed_to_decrypt":"0", "process_pending_decryption":"0", "process_success":"89", "total":"89"}}
{"logTime": "0520/041249", "correlationVector":"oo1w/1Cl8dxP+76iz1PbV4.3","action":"ProcessGetUpdates", "result":"Done", "context":{"dataType":"Passwords", "deleted":"1", "process_failed_to_decrypt":"0", "process_pending_decryption":"0", "process_success":"32", "total":"32"}}
{"logTime": "0520/041249", "correlationVector":"oo1w/1Cl8dxP+76iz1PbV4.4","action":"ProcessGetUpdates", "result":"Done", "context":{"dataType":"Device Info", "deleted":"0", "process_failed_to_decrypt":"0", "process_pending_decryption":"0", "process_success":"24", "total":"24"}}
{"logTime": "0520/041249", "correlationVector":"oo1w/1Cl8dxP+76iz1PbV4.5","action":"GetUpdates Response", "result":"Success", "context":Received 145 update(s). cV=oo1w/1Cl8dxP+76iz1PbV4.0;server=akswtt004000022;cloudType=Consumer;environment=Prod_centralus_prod-s01-068-nam-centralus;migrationStage=NotStarted}
{"logTime": "0520/041250", "correlationVector":"pLOCjVkfmgKdSn+uXiGyfE","action":"Initial GetUpdates", "result":"", "context":Reason: NEWLY_SUPPORTED_DATATYPE. cV=pLOCjVkfmgKdSn+uXiGyfE}
{"logTime": "0520/041250", "correlationVector":"pLOCjVkfmgKdSn+uXiGyfE.1","action":"SyncServerConnectionManagerRequest", "result":"SYNC_SERVER_OK", "context":{"environment":"Prod_centralus_prod-s01-068-nam-centralus", "migrationStage":"NotStarted", "server":"akswtt00400002i"}}
{"logTime": "0520/041250", "correlationVector":"pLOCjVkfmgKdSn+uXiGyfE.2","action":"ProcessGetUpdates", "result":"Done", "context":{"dataType":"Bookmarks", "deleted":"32", "process_failed_to_decrypt":"0", "process_pending_decryption":"0", "process_success":"53", "total":"53"}}
{"logTime": "0520/041250", "correlationVector":"pLOCjVkfmgKdSn+uXiGyfE.3","action":"GetUpdates Response", "result":"Success", "context":Received 53 update(s). cV=pLOCjVkfmgKdSn+uXiGyfE.0;server=akswtt00400002i;cloudType=Consumer;environment=Prod_centralus_prod-s01-068-nam-centralus;migrationStage=NotStarted}
{"logTime": "0520/041251", "correlationVector":"GMyUiCIToyqWs3TfRVHbtp","action":"Initial GetUpdates", "result":"", "context":Reason: NEWLY_SUPPORTED_DATATYPE. cV=GMyUiCIToyqWs3TfRVHbtp}
{"logTime": "0520/041251", "correlationVector":"GMyUiCIToyqWs3TfRVHbtp.1","action":"SyncServerConnectionManagerRequest", "result":"SYNC_SERVER_OK", "context":{"environment":"Prod_centralus_prod-s01-068-nam-centralus", "migrationStage":"NotStarted", "server":"akswtt00400002d"}}
{"logTime": "0520/041251", "correlationVector":"GMyUiCIToyqWs3TfRVHbtp.2","action":"ProcessGetUpdates", "result":"Done", "context":{"dataType":"Autofill Profiles", "deleted":"0", "process_failed_to_decrypt":"0", "process_pending_decryption":"0", "process_success":"2", "total":"2"}}
{"logTime": "0520/041251", "correlationVector":"GMyUiCIToyqWs3TfRVHbtp.3","action":"ProcessGetUpdates", "result":"Done", "context":{"dataType":"Autofill", "deleted":"0", "process_failed_to_decrypt":"0", "process_pending_decryption":"0", "process_success":"239", "total":"239"}}
{"logTime": "0520/041251", "correlationVector":"GMyUiCIToyqWs3TfRVHbtp.4","action":"ProcessGetUpdates", "result":"Done", "context":{"dataType":"Web Apps", "deleted":"0", "process_failed_to_decrypt":"0", "process_pending_decryption":"0", "process_success":"1", "total":"1"}}
{"logTime": "0520/041251", "correlationVector":"GMyUiCIToyqWs3TfRVHbtp.5","action":"ProcessGetUpdates", "result":"Done", "context":{"dataType":"Saved Tab Group", "deleted":"6", "process_failed_to_decrypt":"0", "process_pending_decryption":"0", "process_success":"8", "total":"8"}}
{"logTime": "0520/041251", "correlationVector":"GMyUiCIToyqWs3TfRVHbtp.6","action":"GetUpdates Response", "result":"Success", "context":Received 250 update(s). cV=GMyUiCIToyqWs3TfRVHbtp.0;server=akswtt00400002d;cloudType=Consumer;environment=Prod_centralus_prod-s01-068-nam-centralus;migrationStage=NotStarted Some updates remain.}
{"logTime": "0520/041251", "correlationVector":"Z6tLYWASm4rhX5eT3ZROe9","action":"Initial GetUpdates", "result":"", "context":Reason: NEWLY_SUPPORTED_DATATYPE. cV=Z6tLYWASm4rhX5eT3ZROe9}
{"logTime": "0520/041252", "correlationVector":"Z6tLYWASm4rhX5eT3ZROe9.1","action":"SyncServerConnectionManagerRequest", "result":"SYNC_SERVER_OK", "context":{"environment":"Prod_centralus_prod-s01-068-nam-centralus", "migrationStage":"NotStarted", "server":"akswtt00400002i"}}
{"logTime": "0520/041252", "correlationVector":"Z6tLYWASm4rhX5eT3ZROe9.2","action":"ProcessGetUpdates", "result":"Done", "context":{"dataType":"Autofill", "deleted":"0", "process_failed_to_decrypt":"0", "process_pending_decryption":"0", "process_success":"28", "total":"28"}}
{"logTime": "0520/041252", "correlationVector":"Z6tLYWASm4rhX5eT3ZROe9.3","action":"ProcessGetUpdates", "result":"Done", "context":{"dataType":"Sessions", "deleted":"222", "process_failed_to_decrypt":"0", "process_pending_decryption":"0", "process_success":"222", "total":"222"}}
{"logTime": "0520/041252", "correlationVector":"Z6tLYWASm4rhX5eT3ZROe9.4","action":"GetUpdates Response", "result":"Success", "context":Received 250 update(s). cV=Z6tLYWASm4rhX5eT3ZROe9.0;server=akswtt00400002i;cloudType=Consumer;environment=Prod_centralus_prod-s01-068-nam-centralus;migrationStage=NotStarted Some updates remain.}
{"logTime": "0520/041252", "correlationVector":"pCWXwtr+lKR+HtX1hJ/S+b","action":"Initial GetUpdates", "result":"", "context":Reason: NEWLY_SUPPORTED_DATATYPE. cV=pCWXwtr+lKR+HtX1hJ/S+b}
{"logTime": "0520/041252", "correlationVector":"pCWXwtr+lKR+HtX1hJ/S+b.1","action":"SyncServerConnectionManagerRequest", "result":"SYNC_SERVER_OK", "context":{"environment":"Prod_centralus_prod-s01-068-nam-centralus", "migrationStage":"NotStarted", "server":"akswtt004000025"}}
{"logTime": "0520/041252", "correlationVector":"pCWXwtr+lKR+HtX1hJ/S+b.2","action":"ProcessGetUpdates", "result":"Done", "context":{"dataType":"Autofill Profiles", "deleted":"0", "process_failed_to_decrypt":"0", "process_pending_decryption":"0", "process_success":"1", "total":"1"}}
{"logTime": "0520/041252", "correlationVector":"pCWXwtr+lKR+HtX1hJ/S+b.3","action":"ProcessGetUpdates", "result":"Done", "context":{"dataType":"Autofill", "deleted":"0", "process_failed_to_decrypt":"0", "process_pending_decryption":"0", "process_success":"3", "total":"3"}}
{"logTime": "0520/041252", "correlationVector":"pCWXwtr+lKR+HtX1hJ/S+b.4","action":"ProcessGetUpdates", "result":"Done", "context":{"dataType":"Sessions", "deleted":"242", "process_failed_to_decrypt":"0", "process_pending_decryption":"0", "process_success":"242", "total":"242"}}
{"logTime": "0520/041252", "correlationVector":"pCWXwtr+lKR+HtX1hJ/S+b.5","action":"ProcessGetUpdates", "result":"Done", "context":{"dataType":"Edge Hub App Usage", "deleted":"1", "process_failed_to_decrypt":"0", "process_pending_decryption":"0", "process_success":"4", "total":"4"}}
{"logTime": "0520/041252", "correlationVector":"pCWXwtr+lKR+HtX1hJ/S+b.6","action":"GetUpdates Response", "result":"Success", "context":Received 250 update(s). cV=pCWXwtr+lKR+HtX1hJ/S+b.0;server=akswtt004000025;cloudType=Consumer;environment=Prod_centralus_prod-s01-068-nam-centralus;migrationStage=NotStarted Some updates remain.}
{"logTime": "0520/041252", "correlationVector":"sZ2kui31eIwB7JXyI9nXnL","action":"Initial GetUpdates", "result":"", "context":Reason: NEWLY_SUPPORTED_DATATYPE. cV=sZ2kui31eIwB7JXyI9nXnL}
{"logTime": "0520/041253", "correlationVector":"sZ2kui31eIwB7JXyI9nXnL.1","action":"SyncServerConnectionManagerRequest", "result":"SYNC_SERVER_OK", "context":{"environment":"Prod_centralus_prod-s01-068-nam-centralus", "migrationStage":"NotStarted", "server":"akswtt00400001w"}}
{"logTime": "0520/041253", "correlationVector":"sZ2kui31eIwB7JXyI9nXnL.2","action":"ProcessGetUpdates", "result":"Done", "context":{"dataType":"Autofill", "deleted":"0", "process_failed_to_decrypt":"0", "process_pending_decryption":"0", "process_success":"25", "total":"25"}}
{"logTime": "0520/041253", "correlationVector":"sZ2kui31eIwB7JXyI9nXnL.3","action":"ProcessGetUpdates", "result":"Done", "context":{"dataType":"Sessions", "deleted":"213", "process_failed_to_decrypt":"0", "process_pending_decryption":"0", "process_success":"213", "total":"213"}}
{"logTime": "0520/041253", "correlationVector":"sZ2kui31eIwB7JXyI9nXnL.4","action":"ProcessGetUpdates", "result":"Done", "context":{"dataType":"Edge Hub App Usage", "deleted":"6", "process_failed_to_decrypt":"0", "process_pending_decryption":"0", "process_success":"12", "total":"12"}}
{"logTime": "0520/041253", "correlationVector":"sZ2kui31eIwB7JXyI9nXnL.5","action":"GetUpdates Response", "result":"Success", "context":Received 250 update(s). cV=sZ2kui31eIwB7JXyI9nXnL.0;server=akswtt00400001w;cloudType=Consumer;environment=Prod_centralus_prod-s01-068-nam-centralus;migrationStage=NotStarted Some updates remain.}
{"logTime": "0520/041253", "correlationVector":"43y1T3bc3fA4HHDBH/e2DF","action":"Initial GetUpdates", "result":"", "context":Reason: NEWLY_SUPPORTED_DATATYPE. cV=43y1T3bc3fA4HHDBH/e2DF}
{"logTime": "0520/041253", "correlationVector":"43y1T3bc3fA4HHDBH/e2DF.1","action":"SyncServerConnectionManagerRequest", "result":"SYNC_SERVER_OK", "context":{"environment":"Prod_centralus_prod-s01-068-nam-centralus", "migrationStage":"NotStarted", "server":"akswtt00400001w"}}
{"logTime": "0520/041253", "correlationVector":"43y1T3bc3fA4HHDBH/e2DF.2","action":"ProcessGetUpdates", "result":"Done", "context":{"dataType":"Autofill Profiles", "deleted":"0", "process_failed_to_decrypt":"0", "process_pending_decryption":"0", "process_success":"2", "total":"2"}}
{"logTime": "0520/041253", "correlationVector":"43y1T3bc3fA4HHDBH/e2DF.3","action":"ProcessGetUpdates", "result":"Done", "context":{"dataType":"Autofill", "deleted":"0", "process_failed_to_decrypt":"0", "process_pending_decryption":"0", "process_success":"4", "total":"4"}}
{"logTime": "0520/041253", "correlationVector":"43y1T3bc3fA4HHDBH/e2DF.4","action":"ProcessGetUpdates", "result":"Done", "context":{"dataType":"Sessions", "deleted":"82", "process_failed_to_decrypt":"0", "process_pending_decryption":"0", "process_success":"98", "total":"98"}}
{"logTime": "0520/041253", "correlationVector":"43y1T3bc3fA4HHDBH/e2DF.5","action":"ProcessGetUpdates", "result":"Done", "context":{"dataType":"Edge Hub App Usage", "deleted":"0", "process_failed_to_decrypt":"0", "process_pending_decryption":"0", "process_success":"7", "total":"7"}}
{"logTime": "0520/041253", "correlationVector":"43y1T3bc3fA4HHDBH/e2DF.6","action":"GetUpdates Response", "result":"Success", "context":Received 111 update(s). cV=43y1T3bc3fA4HHDBH/e2DF.0;server=akswtt00400001w;cloudType=Consumer;environment=Prod_centralus_prod-s01-068-nam-centralus;migrationStage=NotStarted}
{"logTime": "0520/041253", "correlationVector":"+yw2YT6+B2bfkIHb4aRnzI","action":"Initial GetUpdates", "result":"", "context":Reason: NEWLY_SUPPORTED_DATATYPE. cV=+yw2YT6+B2bfkIHb4aRnzI}
{"logTime": "0520/041254", "correlationVector":"+yw2YT6+B2bfkIHb4aRnzI.1","action":"SyncServerConnectionManagerRequest", "result":"SYNC_SERVER_OK", "context":{"environment":"Prod_centralus_prod-s01-068-nam-centralus", "migrationStage":"NotStarted", "server":"akswtt00400002j"}}
{"logTime": "0520/041254", "correlationVector":"+yw2YT6+B2bfkIHb4aRnzI.2","action":"ProcessGetUpdates", "result":"Done", "context":{"dataType":"History", "deleted":"0", "process_failed_to_decrypt":"0", "process_pending_decryption":"0", "process_success":"250", "total":"250"}}
{"logTime": "0520/041254", "correlationVector":"+yw2YT6+B2bfkIHb4aRnzI.3","action":"GetUpdates Response", "result":"Success", "context":Received 250 update(s). cV=+yw2YT6+B2bfkIHb4aRnzI.0;server=akswtt00400002j;cloudType=Consumer;environment=Prod_centralus_prod-s01-068-nam-centralus;migrationStage=NotStarted Some updates remain.}
{"logTime": "0520/041254", "correlationVector":"wPUAWMV0aeWrP5nDlvhadu","action":"Initial GetUpdates", "result":"", "context":Reason: NEWLY_SUPPORTED_DATATYPE. cV=wPUAWMV0aeWrP5nDlvhadu}
{"logTime": "0520/041255", "correlationVector":"wPUAWMV0aeWrP5nDlvhadu.1","action":"SyncServerConnectionManagerRequest", "result":"SYNC_SERVER_OK", "context":{"environment":"Prod_centralus_prod-s01-068-nam-centralus", "migrationStage":"NotStarted", "server":"akswtt00400002i"}}
{"logTime": "0520/041255", "correlationVector":"wPUAWMV0aeWrP5nDlvhadu.2","action":"ProcessGetUpdates", "result":"Done", "context":{"dataType":"History", "deleted":"0", "process_failed_to_decrypt":"0", "process_pending_decryption":"0", "process_success":"250", "total":"250"}}
{"logTime": "0520/041255", "correlationVector":"wPUAWMV0aeWrP5nDlvhadu.3","action":"GetUpdates Response", "result":"Success", "context":Received 250 update(s). cV=wPUAWMV0aeWrP5nDlvhadu.0;server=akswtt00400002i;cloudType=Consumer;environment=Prod_centralus_prod-s01-068-nam-centralus;migrationStage=NotStarted Some updates remain.}
{"logTime": "0520/041255", "correlationVector":"tZO3j3pbf6DnjISFDdlY8U","action":"Initial GetUpdates", "result":"", "context":Reason: NEWLY_SUPPORTED_DATATYPE. cV=tZO3j3pbf6DnjISFDdlY8U}
{"logTime": "0520/041256", "correlationVector":"tZO3j3pbf6DnjISFDdlY8U.1","action":"SyncServerConnectionManagerRequest", "result":"SYNC_SERVER_OK", "context":{"environment":"Prod_centralus_prod-s01-068-nam-centralus", "migrationStage":"NotStarted", "server":"akswtt00400002a"}}
{"logTime": "0520/041256", "correlationVector":"tZO3j3pbf6DnjISFDdlY8U.2","action":"ProcessGetUpdates", "result":"Done", "context":{"dataType":"History", "deleted":"0", "process_failed_to_decrypt":"0", "process_pending_decryption":"0", "process_success":"250", "total":"250"}}
{"logTime": "0520/041256", "correlationVector":"tZO3j3pbf6DnjISFDdlY8U.3","action":"GetUpdates Response", "result":"Success", "context":Received 250 update(s). cV=tZO3j3pbf6DnjISFDdlY8U.0;server=akswtt00400002a;cloudType=Consumer;environment=Prod_centralus_prod-s01-068-nam-centralus;migrationStage=NotStarted Some updates remain.}
{"logTime": "0520/041256", "correlationVector":"W8Zoj3N4ce7FLDrmldVC+y","action":"Initial GetUpdates", "result":"", "context":Reason: NEWLY_SUPPORTED_DATATYPE. cV=W8Zoj3N4ce7FLDrmldVC+y}
{"logTime": "0520/041256", "correlationVector":"W8Zoj3N4ce7FLDrmldVC+y.1","action":"SyncServerConnectionManagerRequest", "result":"SYNC_SERVER_OK", "context":{"environment":"Prod_centralus_prod-s01-068-nam-centralus", "migrationStage":"NotStarted", "server":"akswtt00400002h"}}
{"logTime": "0520/041256", "correlationVector":"W8Zoj3N4ce7FLDrmldVC+y.2","action":"ProcessGetUpdates", "result":"Done", "context":{"dataType":"History", "deleted":"0", "process_failed_to_decrypt":"0", "process_pending_decryption":"0", "process_success":"246", "total":"246"}}
{"logTime": "0520/041256", "correlationVector":"W8Zoj3N4ce7FLDrmldVC+y.3","action":"GetUpdates Response", "result":"Success", "context":Received 246 update(s). cV=W8Zoj3N4ce7FLDrmldVC+y.0;server=akswtt00400002h;cloudType=Consumer;environment=Prod_centralus_prod-s01-068-nam-centralus;migrationStage=NotStarted}
{"logTime": "0520/041258", "correlationVector":"nujaTsFsGNrBs4cJgU+nEF","action":"Normal GetUpdate request", "result":"", "context":cV=nujaTsFsGNrBs4cJgU+nEF
Nudged types: Sessions, Device Info, User Consents
Refresh requested types: Bookmarks, Preferences, Passwords, Autofill Profiles, Autofill, Extensions, Sessions, Extension settings, History Delete Directives, Device Info, User Consents, Send Tab To Self, Web Apps, History, Saved Tab Group, WebAuthn Credentials, Collection, Edge E Drop, Edge Hub App Usage, Edge Wallet, Edge Workspace, Encryption Keys}
{"logTime": "0520/041258", "correlationVector":"nujaTsFsGNrBs4cJgU+nEF.1","action":"SyncServerConnectionManagerRequest", "result":"SYNC_SERVER_OK", "context":{"environment":"Prod_centralus_prod-s01-068-nam-centralus", "migrationStage":"NotStarted", "server":"akswtt00400002d"}}
{"logTime": "0520/041258", "correlationVector":"nujaTsFsGNrBs4cJgU+nEF.2","action":"GetUpdates Response", "result":"Success", "context":Received 0 update(s). cV=nujaTsFsGNrBs4cJgU+nEF.0;server=akswtt00400002d;cloudType=Consumer;environment=Prod_centralus_prod-s01-068-nam-centralus;migrationStage=NotStarted}
{"logTime": "0520/041258", "correlationVector":"F+OsM6D+BsJ5UxJdkknW7i","action":"DoCompareDataConsistency requsted types: ", "result":"Bookmarks, Preferences, Passwords, Extensions, Extension settings, History Delete Directives, Send Tab To Self, Web Apps, History, Saved Tab Group, WebAuthn Credentials, Collection, Edge E Drop, Edge Wallet, Edge Workspace, Encryption Keys"}
{"logTime": "0520/041258", "correlationVector":"F+OsM6D+BsJ5UxJdkknW7i.0","action":"CompareDataConsistency result: ", "result":"Compare result: Encryption Keys is consistent. local entities count is: 1 local entities hash is: GQGHrDF1UQbR+bdLnQ6QyOBikWk="}
{"logTime": "0520/041258", "correlationVector":"F+OsM6D+BsJ5UxJdkknW7i.1","action":"CompareDataConsistency result: ", "result":"Compare result: Bookmarks is consistent. local entities count is: 15 local entities hash is: t/759E5CTNkTowKHO/6VGDkEXw8="}
{"logTime": "0520/041258", "correlationVector":"F+OsM6D+BsJ5UxJdkknW7i.2","action":"CompareDataConsistency result: ", "result":"Compare result: Preferences is consistent. local entities count is: 89 local entities hash is: /OWmFu6TFCf6eNx0Tf9vkVUBWlI="}
{"logTime": "0520/041258", "correlationVector":"F+OsM6D+BsJ5UxJdkknW7i.3","action":"CompareDataConsistency result: ", "result":"Compare result: Extensions is consistent. local entities count is: 0 local entities hash is: "}
{"logTime": "0520/041258", "correlationVector":"F+OsM6D+BsJ5UxJdkknW7i.4","action":"CompareDataConsistency result: ", "result":"Compare result: Extension settings is consistent. local entities count is: 0 local entities hash is: "}
{"logTime": "0520/041258", "correlationVector":"F+OsM6D+BsJ5UxJdkknW7i.5","action":"CompareDataConsistency result: ", "result":"Compare result: History Delete Directives is consistent. local entities count is: 0 local entities hash is: "}
{"logTime": "0520/041258", "correlationVector":"F+OsM6D+BsJ5UxJdkknW7i.6","action":"CompareDataConsistency result: ", "result":"Server did not send this Send Tab To Self local entities count is: 0 local entities hash is: "}
{"logTime": "0520/041258", "correlationVector":"F+OsM6D+BsJ5UxJdkknW7i.7","action":"CompareDataConsistency result: ", "result":"Compare result: Web Apps is consistent. local entities count is: 1 local entities hash is: HSy08/fktQjGRZq0KZe1/p9pNW4="}
{"logTime": "0520/041258", "correlationVector":"F+OsM6D+BsJ5UxJdkknW7i.8","action":"CompareDataConsistency result: ", "result":"Server did not send this History local entities count is: 0 local entities hash is: "}
{"logTime": "0520/041258", "correlationVector":"F+OsM6D+BsJ5UxJdkknW7i.9","action":"CompareDataConsistency result: ", "result":"Compare result: Saved Tab Group is consistent. local entities count is: 2 local entities hash is: x0457MSkE0Ao3FKycObprrojyrM="}
{"logTime": "0520/041258", "correlationVector":"F+OsM6D+BsJ5UxJdkknW7i.10","action":"CompareDataConsistency result: ", "result":"Server did not send this WebAuthn Credentials local entities count is: 0 local entities hash is: "}
{"logTime": "0520/041258", "correlationVector":"F+OsM6D+BsJ5UxJdkknW7i.11","action":"CompareDataConsistency result: ", "result":"Compare result: Collection is consistent. local entities count is: 0 local entities hash is: "}
{"logTime": "0520/041258", "correlationVector":"F+OsM6D+BsJ5UxJdkknW7i.12","action":"CompareDataConsistency result: ", "result":"Compare result: Edge E Drop is consistent. local entities count is: 0 local entities hash is: "}
{"logTime": "0520/041258", "correlationVector":"F+OsM6D+BsJ5UxJdkknW7i.13","action":"CompareDataConsistency result: ", "result":"Compare result: Edge Wallet is consistent. local entities count is: 0 local entities hash is: "}
{"logTime": "0520/041258", "correlationVector":"F+OsM6D+BsJ5UxJdkknW7i.14","action":"CompareDataConsistency result: ", "result":"Server did not send this Edge Workspace local entities count is: 0 local entities hash is: "}
{"logTime": "0520/041258", "correlationVector":"F+OsM6D+BsJ5UxJdkknW7i.15","action":"CompareDataConsistency result: ", "result":"Compare result: Passwords is consistent. local entities count is: 31 local entities hash is: nEIIr9SoxVwOXVDuhPlQhkK/jjw="}
{"logTime": "0520/041258", "correlationVector":"ThS0XutSZdUkpmT6hh6p+N","action":"Commit Request", "result":"", "context":Item count: 4
Contributing types: Sessions, Device Info, User Consents}
{"logTime": "0520/041259", "correlationVector":"ThS0XutSZdUkpmT6hh6p+N.1","action":"SyncServerConnectionManagerRequest", "result":"SYNC_SERVER_OK", "context":{"environment":"Prod_centralus_prod-s01-068-nam-centralus", "migrationStage":"NotStarted", "server":"akswtt00400002h"}}
{"logTime": "0520/041259", "correlationVector":"ThS0XutSZdUkpmT6hh6p+N.2","action":"Commit Response", "result":"Success", "context":Result: Success. cV=ThS0XutSZdUkpmT6hh6p+N.0;server=akswtt00400002h;cloudType=Consumer;environment=Prod_centralus_prod-s01-068-nam-centralus;migrationStage=NotStarted}
{"logTime": "0520/041259", "correlationVector":"","action":"DIAGNOSTIC_REQUEST|v1/diagnosticData/Diagnostic.SendCheckResult()|SUCCESS", "result":""}
{"logTime": "0520/041344", "correlationVector":"yN0XnMJEAS28qQjeeqacVY","action":"Commit Request", "result":"", "context":Item count: 37
Contributing types: Passwords, Sessions, History}
{"logTime": "0520/041346", "correlationVector":"yN0XnMJEAS28qQjeeqacVY.1","action":"SyncServerConnectionManagerRequest", "result":"SYNC_SERVER_OK", "context":{"environment":"Prod_centralus_prod-s01-068-nam-centralus", "migrationStage":"NotStarted", "server":"akswtt004000025"}}
{"logTime": "0520/041346", "correlationVector":"yN0XnMJEAS28qQjeeqacVY.2","action":"Commit Response", "result":"Success", "context":Result: Success. cV=yN0XnMJEAS28qQjeeqacVY.0;server=akswtt004000025;cloudType=Consumer;environment=Prod_centralus_prod-s01-068-nam-centralus;migrationStage=NotStarted}
{"logTime": "0520/041347", "correlationVector":"qNFMIETyWvFw74nQZ6DtIH","action":"Commit Request", "result":"", "context":Item count: 3
Contributing types: Sessions, History}
{"logTime": "0520/041347", "correlationVector":"qNFMIETyWvFw74nQZ6DtIH.1","action":"SyncServerConnectionManagerRequest", "result":"SYNC_SERVER_OK", "context":{"environment":"Prod_centralus_prod-s01-068-nam-centralus", "migrationStage":"NotStarted", "server":"akswtt00400002a"}}
{"logTime": "0520/041347", "correlationVector":"qNFMIETyWvFw74nQZ6DtIH.2","action":"Commit Response", "result":"Success", "context":Result: Success. cV=qNFMIETyWvFw74nQZ6DtIH.0;server=akswtt00400002a;cloudType=Consumer;environment=Prod_centralus_prod-s01-068-nam-centralus;migrationStage=NotStarted}
{"logTime": "0520/041406", "correlationVector":"pPKO8Tr1j7R8IdDhlqzHs+","action":"Commit Request", "result":"", "context":Item count: 3
Contributing types: Sessions, History, Edge Hub App Usage}
{"logTime": "0520/041406", "correlationVector":"pPKO8Tr1j7R8IdDhlqzHs+.1","action":"SyncServerConnectionManagerRequest", "result":"SYNC_SERVER_OK", "context":{"environment":"Prod_centralus_prod-s01-068-nam-centralus", "migrationStage":"NotStarted", "server":"akswtt00400001w"}}
{"logTime": "0520/041406", "correlationVector":"pPKO8Tr1j7R8IdDhlqzHs+.2","action":"Commit Response", "result":"Success", "context":Result: Success. cV=pPKO8Tr1j7R8IdDhlqzHs+.0;server=akswtt00400001w;cloudType=Consumer;environment=Prod_centralus_prod-s01-068-nam-centralus;migrationStage=NotStarted}
